Arguments: 
  C:\Program Files\nodejs\node.exe C:\Users\Proggie\AppData\Roaming\npm\node_modules\yarn\bin\yarn.js install

PATH: 
  C:\Users\Proggie\AppData\Local\Programs\Microsoft VS Code\bin;C:\Program Files\Common Files\Oracle\Java\javapath;C:\WINDOWS\system32;C:\WINDOWS;C:\WINDOWS\System32\Wbem;C:\WINDOWS\System32\WindowsPowerShell\v1.0\;C:\WINDOWS\System32\OpenSSH\;C:\ProgramData\chocolatey\bin;C:\Program Files\nodejs\;C:\Program Files\Git\cmd;c:\Program Files (x86)\Microsoft SQL Server\100\Tools\Binn\;c:\Program Files\Microsoft SQL Server\100\Tools\Binn\;c:\Program Files\Microsoft SQL Server\100\DTS\Binn\;C:\Program Files\dotnet\;C:\Users\Proggie\AppData\Local\Programs\Microsoft VS Code\bin;C:\Users\Proggie\.cargo\bin;C:\Users\Proggie\AppData\Local\Programs\Python\Python310\Scripts\;C:\Users\Proggie\AppData\Local\Programs\Python\Python310\;C:\Users\Proggie\AppData\Local\Microsoft\WindowsApps;C:\Program Files\heroku\bin;C:\Program Files\JetBrains\IntelliJ IDEA Community Edition 2021.3\bin;;C:\Program Files\JetBrains\IntelliJ IDEA 2021.3\bin;;C:\Users\Proggie\AppData\Roaming\npm;C:\Users\Proggie\AppData\Local\GitHubDesktop\bin;C:\Users\Proggie\.dotnet\tools

Yarn version: 
  1.22.19

Node version: 
  16.15.1

Platform: 
  win32 x64

Trace: 
  Error: https://registry.yarnpkg.com/@firebase/firestore/-/firestore-2.4.1.tgz: ESOCKETTIMEDOUT
      at ClientRequest.<anonymous> (C:\Users\Proggie\AppData\Roaming\npm\node_modules\yarn\lib\cli.js:141517:19)
      at Object.onceWrapper (node:events:641:28)
      at ClientRequest.emit (node:events:527:28)
      at TLSSocket.emitRequestTimeout (node:_http_client:771:9)
      at Object.onceWrapper (node:events:641:28)
      at TLSSocket.emit (node:events:539:35)
      at TLSSocket.Socket._onTimeout (node:net:516:8)
      at listOnTimeout (node:internal/timers:559:17)
      at processTimers (node:internal/timers:502:7)

npm manifest: 
  {
    "name": "padhen",
    "version": "0.1.0",
    "private": true,
    "dependencies": {
      "@cometchat-pro/chat": "3.0.0",
      "@emotion/core": "^10.0.35",
      "@testing-library/jest-dom": "^5.11.4",
      "@testing-library/react": "^11.1.0",
      "@testing-library/user-event": "^12.1.10",
      "dateformat": "^4.0.0",
      "emoji-mart": "^3.0.0",
      "firebase": "^8.10.1",
      "leaflet": "^1.7.1",
      "leaflet-geosearch": "^3.5.0",
      "leaflet-routing-machine": "^3.2.12",
      "react": "^16.0.0",
      "react-dom": "^17.0.2",
      "react-html-parser": "^2.0.2",
      "react-router-dom": "^5.2.0",
      "react-scripts": "^2.1.3",
      "twemoji": "^13.0.1",
      "uuid": "^8.3.2",
      "validator": "^13.6.0",
      "web-vitals": "^1.0.1"
    },
    "scripts": {
      "start": "react-scripts start",
      "build": "react-scripts build",
      "test": "react-scripts test",
      "eject": "react-scripts eject"
    },
    "eslintConfig": {
      "extends": [
        "react-app",
        "react-app/jest"
      ]
    },
    "browserslist": {
      "production": [
        ">0.2%",
        "not dead",
        "not op_mini all"
      ],
      "development": [
        "last 1 chrome version",
        "last 1 firefox version",
        "last 1 safari version"
      ]
    }
  }

yarn manifest: 
  No manifest

Lockfile: 
  No lockfile
